c:\users\borab\dropbox\programming\finance\computationalfinance\trinomial_option_price_dp\debug\vc142.pdb
c:\users\borab\dropbox\programming\finance\computationalfinance\trinomial_option_price_dp\debug\vc142.idb
c:\users\borab\dropbox\programming\finance\computationalfinance\trinomial_option_price_dp\debug\newmatex.obj
c:\users\borab\dropbox\programming\finance\computationalfinance\trinomial_option_price_dp\debug\newmat9.obj
c:\users\borab\dropbox\programming\finance\computationalfinance\trinomial_option_price_dp\debug\newmat8.obj
c:\users\borab\dropbox\programming\finance\computationalfinance\trinomial_option_price_dp\debug\newmat7.obj
c:\users\borab\dropbox\programming\finance\computationalfinance\trinomial_option_price_dp\debug\newmat6.obj
c:\users\borab\dropbox\programming\finance\computationalfinance\trinomial_option_price_dp\debug\newmat5.obj
c:\users\borab\dropbox\programming\finance\computationalfinance\trinomial_option_price_dp\debug\newmat4.obj
c:\users\borab\dropbox\programming\finance\computationalfinance\trinomial_option_price_dp\debug\newmat3.obj
c:\users\borab\dropbox\programming\finance\computationalfinance\trinomial_option_price_dp\debug\newmat2.obj
c:\users\borab\dropbox\programming\finance\computationalfinance\trinomial_option_price_dp\debug\newmat1.obj
c:\users\borab\dropbox\programming\finance\computationalfinance\trinomial_option_price_dp\debug\newfft.obj
c:\users\borab\dropbox\programming\finance\computationalfinance\trinomial_option_price_dp\debug\jacobi.obj
c:\users\borab\dropbox\programming\finance\computationalfinance\trinomial_option_price_dp\debug\hholder.obj
c:\users\borab\dropbox\programming\finance\computationalfinance\trinomial_option_price_dp\debug\garch.obj
c:\users\borab\dropbox\programming\finance\computationalfinance\trinomial_option_price_dp\debug\fft.obj
c:\users\borab\dropbox\programming\finance\computationalfinance\trinomial_option_price_dp\debug\example.obj
c:\users\borab\dropbox\programming\finance\computationalfinance\trinomial_option_price_dp\debug\evalue.obj
c:\users\borab\dropbox\programming\finance\computationalfinance\trinomial_option_price_dp\debug\cholesky.obj
c:\users\borab\dropbox\programming\finance\computationalfinance\trinomial_option_price_dp\debug\bandmat.obj
c:\users\borab\dropbox\programming\finance\computationalfinance\trinomial_option_price_dp\debug\tmta.obj
c:\users\borab\dropbox\programming\finance\computationalfinance\trinomial_option_price_dp\debug\tmt9.obj
c:\users\borab\dropbox\programming\finance\computationalfinance\trinomial_option_price_dp\debug\tmt8.obj
c:\users\borab\dropbox\programming\finance\computationalfinance\trinomial_option_price_dp\debug\tmt7.obj
c:\users\borab\dropbox\programming\finance\computationalfinance\trinomial_option_price_dp\debug\tmt6.obj
c:\users\borab\dropbox\programming\finance\computationalfinance\trinomial_option_price_dp\debug\tmt5.obj
c:\users\borab\dropbox\programming\finance\computationalfinance\trinomial_option_price_dp\debug\tmt4.obj
c:\users\borab\dropbox\programming\finance\computationalfinance\trinomial_option_price_dp\debug\tmt3.obj
c:\users\borab\dropbox\programming\finance\computationalfinance\trinomial_option_price_dp\debug\tmt2.obj
c:\users\borab\dropbox\programming\finance\computationalfinance\trinomial_option_price_dp\debug\tmt1.obj
c:\users\borab\dropbox\programming\finance\computationalfinance\trinomial_option_price_dp\debug\tmt.obj
c:\users\borab\dropbox\programming\finance\computationalfinance\trinomial_option_price_dp\debug\test_exc.obj
c:\users\borab\dropbox\programming\finance\computationalfinance\trinomial_option_price_dp\debug\svd.obj
c:\users\borab\dropbox\programming\finance\computationalfinance\trinomial_option_price_dp\debug\submat.obj
c:\users\borab\dropbox\programming\finance\computationalfinance\trinomial_option_price_dp\debug\sort.obj
c:\users\borab\dropbox\programming\finance\computationalfinance\trinomial_option_price_dp\debug\solution.obj
c:\users\borab\dropbox\programming\finance\computationalfinance\trinomial_option_price_dp\debug\sl_ex.obj
c:\users\borab\dropbox\programming\finance\computationalfinance\trinomial_option_price_dp\debug\nl_ex.obj
c:\users\borab\dropbox\programming\finance\computationalfinance\trinomial_option_price_dp\debug\newmatrm.obj
c:\users\borab\dropbox\programming\finance\computationalfinance\trinomial_option_price_dp\debug\newmatnl.obj
c:\users\borab\dropbox\programming\finance\computationalfinance\trinomial_option_price_dp\debug\tmtm.obj
c:\users\borab\dropbox\programming\finance\computationalfinance\trinomial_option_price_dp\debug\tmtl.obj
c:\users\borab\dropbox\programming\finance\computationalfinance\trinomial_option_price_dp\debug\tmtk.obj
c:\users\borab\dropbox\programming\finance\computationalfinance\trinomial_option_price_dp\debug\tmtj.obj
c:\users\borab\dropbox\programming\finance\computationalfinance\trinomial_option_price_dp\debug\tmti.obj
c:\users\borab\dropbox\programming\finance\computationalfinance\trinomial_option_price_dp\debug\tmth.obj
c:\users\borab\dropbox\programming\finance\computationalfinance\trinomial_option_price_dp\debug\tmtg.obj
c:\users\borab\dropbox\programming\finance\computationalfinance\trinomial_option_price_dp\debug\tmtf.obj
c:\users\borab\dropbox\programming\finance\computationalfinance\trinomial_option_price_dp\debug\tmte.obj
c:\users\borab\dropbox\programming\finance\computationalfinance\trinomial_option_price_dp\debug\tmtd.obj
c:\users\borab\dropbox\programming\finance\computationalfinance\trinomial_option_price_dp\debug\tmtc.obj
c:\users\borab\dropbox\programming\finance\computationalfinance\trinomial_option_price_dp\debug\tmtb.obj
c:\users\borab\dropbox\programming\finance\computationalfinance\trinomial_option_price_dp\debug\myexcept.obj
c:\users\borab\dropbox\programming\finance\computationalfinance\trinomial_option_price_dp\debug\trinomial_option_price_dp.exe
c:\users\borab\dropbox\programming\finance\computationalfinance\trinomial_option_price_dp\debug\trinomial_option_price_dp.ilk
c:\users\borab\dropbox\programming\finance\computationalfinance\trinomial_option_price_dp\debug\trinomial_option_price_dp.pdb
c:\users\borab\dropbox\programming\finance\computationalfinance\trinomial_option_price_dp\debug\trinomia.b819ee78.tlog\cl.command.1.tlog
c:\users\borab\dropbox\programming\finance\computationalfinance\trinomial_option_price_dp\debug\trinomia.b819ee78.tlog\cl.read.1.tlog
c:\users\borab\dropbox\programming\finance\computationalfinance\trinomial_option_price_dp\debug\trinomia.b819ee78.tlog\cl.write.1.tlog
c:\users\borab\dropbox\programming\finance\computationalfinance\trinomial_option_price_dp\debug\trinomia.b819ee78.tlog\link.command.1.tlog
c:\users\borab\dropbox\programming\finance\computationalfinance\trinomial_option_price_dp\debug\trinomia.b819ee78.tlog\link.read.1.tlog
c:\users\borab\dropbox\programming\finance\computationalfinance\trinomial_option_price_dp\debug\trinomia.b819ee78.tlog\link.write.1.tlog
